<?xml version="1.0" encoding="utf-8" standalone="no"?>
<!--This file represents the results of running a test suite-->
<test-results name="C:\VisualStudio\BaseAutomationFramework_v1_0\BaseAutomationFramework.sln" total="1" errors="0" failures="0" not-run="0" inconclusive="0" ignored="0" skipped="0" invalid="0" date="2017-12-20" time="11:37:52">
  <environment nunit-version="2.6.4.14350" clr-version="2.0.50727.8762" os-version="Microsoft Windows NT 6.1.7601 Service Pack 1" platform="Win32NT" cwd="C:\Program Files (x86)\NUnit 2.6.4\bin" machine-name="D-J6P1NC2" user="hcharls" user-domain="PEM" />
  <culture-info current-culture="en-US" current-uiculture="en-US" />
  <test-suite type="Project" name="C:\VisualStudio\BaseAutomationFramework_v1_0\BaseAutomationFramework.sln" executed="True" result="Success" success="True" time="0.693" asserts="0">
    <results>
      <test-suite type="Assembly" name="C:\VisualStudio\BaseAutomationFramework_v1_0\BaseAutomationFramework\bin\Debug\BaseAutomationFramework.dll" executed="True" result="Success" success="True" time="0.672" asserts="0">
        <results>
          <test-suite type="Namespace" name="BaseAutomationFramework" executed="True" result="Success" success="True" time="0.671" asserts="0">
            <results>
              <test-suite type="Namespace" name="Tests" executed="True" result="Success" success="True" time="0.671" asserts="0">
                <results>
                  <test-suite type="Namespace" name="Encompass" executed="True" result="Success" success="True" time="0.666" asserts="0">
                    <results>
                      <test-suite type="TestFixture" name="CodeChecker" executed="True" result="Success" success="True" time="0.663" asserts="0">
                        <results>
                          <test-case name="BaseAutomationFramework.Tests.Encompass.CodeChecker.ControlChecker" executed="True" result="Success" success="True" time="0.444" asserts="0" />
                        </results>
                      </test-suite>
                    </results>
                  </test-suite>
                </results>
              </test-suite>
            </results>
          </test-suite>
        </results>
      </test-suite>
    </results>
  </test-suite>
</test-results>